c:\users\piu大大\desktop\rspractice\rspractice\rspractice\x64\release\qrc_rspractice.obj
c:\users\piu大大\desktop\rspractice\rspractice\rspractice\x64\release\moc_rspractice.obj
c:\users\piu大大\desktop\rspractice\rspractice\rspractice\x64\release\vc140.pdb
c:\users\piu大大\desktop\rspractice\rspractice\rspractice\x64\release\main.obj
c:\users\piu大大\desktop\rspractice\rspractice\rspractice\x64\release\rspractice.obj
c:\users\piu大大\desktop\rspractice\rspractice\rspractice\x64\release\moc\moc_rspractice.cpp
c:\users\piu大大\desktop\rspractice\rspractice\rspractice\x64\release\rspractice.res
c:\users\piu大大\desktop\rspractice\rspractice\rspractice\x64\release\rcc\qrc_rspractice.cpp
c:\users\piu大大\desktop\rspractice\rspractice\rspractice\x64\release\uic\ui_rspractice.h
c:\users\piu大大\desktop\rspractice\rspractice\x64\release\rspractice.lib
c:\users\piu大大\desktop\rspractice\rspractice\x64\release\rspractice.exp
c:\users\piu大大\desktop\rspractice\rspractice\x64\release\rspractice.pdb
c:\users\piu大大\desktop\rspractice\rspractice\rspractice\x64\release\rspractice.tlog\cl.command.1.tlog
c:\users\piu大大\desktop\rspractice\rspractice\rspractice\x64\release\rspractice.tlog\cl.read.1.tlog
c:\users\piu大大\desktop\rspractice\rspractice\rspractice\x64\release\rspractice.tlog\cl.write.1.tlog
c:\users\piu大大\desktop\rspractice\rspractice\rspractice\x64\release\rspractice.tlog\link.10816-cvtres.read.1.tlog
c:\users\piu大大\desktop\rspractice\rspractice\rspractice\x64\release\rspractice.tlog\link.10816-cvtres.write.1.tlog
c:\users\piu大大\desktop\rspractice\rspractice\rspractice\x64\release\rspractice.tlog\link.10816-rc.read.1.tlog
c:\users\piu大大\desktop\rspractice\rspractice\rspractice\x64\release\rspractice.tlog\link.10816-rc.write.1.tlog
c:\users\piu大大\desktop\rspractice\rspractice\rspractice\x64\release\rspractice.tlog\link.10816.read.1.tlog
c:\users\piu大大\desktop\rspractice\rspractice\rspractice\x64\release\rspractice.tlog\link.10816.write.1.tlog
c:\users\piu大大\desktop\rspractice\rspractice\rspractice\x64\release\rspractice.tlog\link.command.1.tlog
c:\users\piu大大\desktop\rspractice\rspractice\rspractice\x64\release\rspractice.tlog\link.read.1.tlog
c:\users\piu大大\desktop\rspractice\rspractice\rspractice\x64\release\rspractice.tlog\link.write.1.tlog
c:\users\piu大大\desktop\rspractice\rspractice\rspractice\x64\release\rspractice.tlog\moc.read.1u.tlog
c:\users\piu大大\desktop\rspractice\rspractice\rspractice\x64\release\rspractice.tlog\moc.write.1u.tlog
c:\users\piu大大\desktop\rspractice\rspractice\rspractice\x64\release\rspractice.tlog\rc.command.1.tlog
c:\users\piu大大\desktop\rspractice\rspractice\rspractice\x64\release\rspractice.tlog\rc.read.1.tlog
c:\users\piu大大\desktop\rspractice\rspractice\rspractice\x64\release\rspractice.tlog\rc.write.1.tlog
c:\users\piu大大\desktop\rspractice\rspractice\rspractice\x64\release\rspractice.tlog\rcc.read.1u.tlog
c:\users\piu大大\desktop\rspractice\rspractice\rspractice\x64\release\rspractice.tlog\rcc.write.1u.tlog
c:\users\piu大大\desktop\rspractice\rspractice\rspractice\x64\release\rspractice.tlog\rspractice.write.1u.tlog
c:\users\piu大大\desktop\rspractice\rspractice\rspractice\x64\release\rspractice.tlog\uic.read.1u.tlog
c:\users\piu大大\desktop\rspractice\rspractice\rspractice\x64\release\rspractice.tlog\uic.write.1u.tlog
